2022-03-27 22:22:30 [background-preinit] INFO  o.h.v.i.u.Version                                  - HV000001: Hibernate Validator 6.2.0.Final 
2022-03-27 22:22:30 [restartedMain] INFO  c.v.HelloWorldApplication                          - Starting HelloWorldApplication using Java 11.0.12 on DESKTOP-089UEE0 with PID 15808 (C:\Users\tuoin\Documents\workspace-spring-tool-suite-4-4.13.1.RELEASE\AdvancedJavaFinalExam_Nguyen_Thi_Tuoi\target\classes started by tuoin in C:\Users\tuoin\Documents\workspace-spring-tool-suite-4-4.13.1.RELEASE\AdvancedJavaFinalExam_Nguyen_Thi_Tuoi) 
2022-03-27 22:22:30 [restartedMain] INFO  c.v.HelloWorldApplication                          - No active profile set, falling back to default profiles: default 
2022-03-27 22:22:30 [restartedMain] INFO  o.s.b.d.e.DevToolsPropertyDefaultsPostProcessor    - Devtools property defaults active! Set 'spring.devtools.add-properties' to 'false' to disable 
2022-03-27 22:22:30 [restartedMain] INFO  o.s.b.d.e.DevToolsPropertyDefaultsPostProcessor    - For additional web related logging consider setting the 'logging.level.web' property to 'DEBUG' 
2022-03-27 22:22:31 [restartedMain] INFO  o.s.d.r.c.RepositoryConfigurationDelegate          - Bootstrapping Spring Data JPA repositories in DEFAULT mode. 
2022-03-27 22:22:31 [restartedMain] INFO  o.s.d.r.c.RepositoryConfigurationDelegate          - Finished Spring Data repository scanning in 65 ms. Found 2 JPA repository interfaces. 
2022-03-27 22:22:32 [restartedMain] INFO  o.s.b.w.e.t.TomcatWebServer                        - Tomcat initialized with port(s): 8080 (http) 
2022-03-27 22:22:32 [restartedMain] INFO  o.a.c.h.Http11NioProtocol                          - Initializing ProtocolHandler ["http-nio-8080"] 
2022-03-27 22:22:32 [restartedMain] INFO  o.a.c.c.StandardService                            - Starting service [Tomcat] 
2022-03-27 22:22:32 [restartedMain] INFO  o.a.c.c.StandardEngine                             - Starting Servlet engine: [Apache Tomcat/9.0.55] 
2022-03-27 22:22:32 [restartedMain] INFO  o.a.c.c.C.[.[.[/]                                  - Initializing Spring embedded WebApplicationContext 
2022-03-27 22:22:32 [restartedMain] INFO  o.s.b.w.s.c.ServletWebServerApplicationContext     - Root WebApplicationContext: initialization completed in 1780 ms 
2022-03-27 22:22:32 [restartedMain] INFO  c.z.h.HikariDataSource                             - HikariPool-1 - Starting... 
2022-03-27 22:22:35 [restartedMain] INFO  c.z.h.HikariDataSource                             - HikariPool-1 - Start completed. 
2022-03-27 22:22:35 [restartedMain] INFO  o.h.j.i.u.LogHelper                                - HHH000204: Processing PersistenceUnitInfo [name: default] 
2022-03-27 22:22:35 [restartedMain] INFO  o.h.Version                                        - HHH000412: Hibernate ORM core version 5.6.1.Final 
2022-03-27 22:22:35 [restartedMain] INFO  o.h.a.c.Version                                    - HCANN000001: Hibernate Commons Annotations {5.1.2.Final} 
2022-03-27 22:22:35 [restartedMain] INFO  o.h.d.Dialect                                      - HHH000400: Using dialect: org.hibernate.dialect.MySQL55Dialect 
2022-03-27 22:22:36 [restartedMain] INFO  o.h.e.t.j.p.i.JtaPlatformInitiator                 - HHH000490: Using JtaPlatform implementation: [org.hibernate.engine.transaction.jta.platform.internal.NoJtaPlatform] 
2022-03-27 22:22:36 [restartedMain] INFO  o.s.o.j.LocalContainerEntityManagerFactoryBean     - Initialized JPA EntityManagerFactory for persistence unit 'default' 
2022-03-27 22:22:36 [restartedMain] WARN  o.s.b.a.o.j.JpaBaseConfiguration$JpaWebConfiguration - spring.jpa.open-in-view is enabled by default. Therefore, database queries may be performed during view rendering. Explicitly configure spring.jpa.open-in-view to disable this warning 
2022-03-27 22:22:36 [restartedMain] INFO  o.s.s.w.DefaultSecurityFilterChain                 - Will secure any request with [org.springframework.security.web.context.request.async.WebAsyncManagerIntegrationFilter@6ce7576, org.springframework.security.web.context.SecurityContextPersistenceFilter@1d90cabc, org.springframework.security.web.header.HeaderWriterFilter@6eb14f17, org.springframework.web.filter.CorsFilter@6fd1474c, org.springframework.security.web.authentication.logout.LogoutFilter@5f72926f, org.springframework.security.web.authentication.www.BasicAuthenticationFilter@625f4b01, org.springframework.security.web.savedrequest.RequestCacheAwareFilter@2388b1ab, org.springframework.security.web.servletapi.SecurityContextHolderAwareRequestFilter@216583f3, org.springframework.security.web.authentication.AnonymousAuthenticationFilter@430c0a24, org.springframework.security.web.session.SessionManagementFilter@895f5ca, org.springframework.security.web.access.ExceptionTranslationFilter@5e69730d, org.springframework.security.web.access.intercept.FilterSecurityInterceptor@63d3a59] 
2022-03-27 22:22:37 [restartedMain] INFO  o.s.b.d.a.OptionalLiveReloadServer                 - LiveReload server is running on port 35729 
2022-03-27 22:22:37 [restartedMain] INFO  o.a.c.h.Http11NioProtocol                          - Starting ProtocolHandler ["http-nio-8080"] 
2022-03-27 22:22:37 [restartedMain] INFO  o.s.b.w.e.t.TomcatWebServer                        - Tomcat started on port(s): 8080 (http) with context path '' 
2022-03-27 22:22:37 [restartedMain] INFO  c.v.HelloWorldApplication                          - Started HelloWorldApplication in 7.434 seconds (JVM running for 8.385) 
2022-03-27 22:23:15 [http-nio-8080-exec-1] INFO  o.a.c.c.C.[.[.[/]                                  - Initializing Spring DispatcherServlet 'dispatcherServlet' 
2022-03-27 22:23:15 [http-nio-8080-exec-1] INFO  o.s.w.s.DispatcherServlet                          - Initializing Servlet 'dispatcherServlet' 
2022-03-27 22:23:15 [http-nio-8080-exec-1] INFO  o.s.w.s.DispatcherServlet                          - Completed initialization in 1 ms 
2022-03-27 22:23:15 [http-nio-8080-exec-1] ERROR c.v.c.e.AuthExceptionHandler                       - Full authentication is required to access this resource 
org.springframework.security.authentication.InsufficientAuthenticationException: Full authentication is required to access this resource
	at org.springframework.security.web.access.ExceptionTranslationFilter.handleAccessDeniedException(ExceptionTranslationFilter.java:195) [spring-security-web-5.6.0.jar:5.6.0]
	at org.springframework.security.web.access.ExceptionTranslationFilter.handleSpringSecurityException(ExceptionTranslationFilter.java:174) [spring-security-web-5.6.0.jar:5.6.0]
	at org.springframework.security.web.access.ExceptionTranslationFilter.doFilter(ExceptionTranslationFilter.java:143) [spring-security-web-5.6.0.jar:5.6.0]
	at org.springframework.security.web.access.ExceptionTranslationFilter.doFilter(ExceptionTranslationFilter.java:116) [spring-security-web-5.6.0.jar:5.6.0]
	at org.springframework.security.web.FilterChainProxy$VirtualFilterChain.doFilter(FilterChainProxy.java:336) [spring-security-web-5.6.0.jar:5.6.0]
	at org.springframework.security.web.session.SessionManagementFilter.doFilter(SessionManagementFilter.java:126) [spring-security-web-5.6.0.jar:5.6.0]
	at org.springframework.security.web.session.SessionManagementFilter.doFilter(SessionManagementFilter.java:81) [spring-security-web-5.6.0.jar:5.6.0]
	at org.springframework.security.web.FilterChainProxy$VirtualFilterChain.doFilter(FilterChainProxy.java:336) [spring-security-web-5.6.0.jar:5.6.0]
	at org.springframework.security.web.authentication.AnonymousAuthenticationFilter.doFilter(AnonymousAuthenticationFilter.java:109) [spring-security-web-5.6.0.jar:5.6.0]
	at org.springframework.security.web.FilterChainProxy$VirtualFilterChain.doFilter(FilterChainProxy.java:336) [spring-security-web-5.6.0.jar:5.6.0]
	at org.springframework.security.web.servletapi.SecurityContextHolderAwareRequestFilter.doFilter(SecurityContextHolderAwareRequestFilter.java:149) [spring-security-web-5.6.0.jar:5.6.0]
	at org.springframework.security.web.FilterChainProxy$VirtualFilterChain.doFilter(FilterChainProxy.java:336) [spring-security-web-5.6.0.jar:5.6.0]
	at org.springframework.security.web.savedrequest.RequestCacheAwareFilter.doFilter(RequestCacheAwareFilter.java:63) [spring-security-web-5.6.0.jar:5.6.0]
	at org.springframework.security.web.FilterChainProxy$VirtualFilterChain.doFilter(FilterChainProxy.java:336) [spring-security-web-5.6.0.jar:5.6.0]
	at org.springframework.security.web.authentication.www.BasicAuthenticationFilter.doFilterInternal(BasicAuthenticationFilter.java:150) [spring-security-web-5.6.0.jar:5.6.0]
	at org.springframework.web.filter.OncePerRequestFilter.doFilter(OncePerRequestFilter.java:119) [spring-web-5.3.13.jar:5.3.13]
	at org.springframework.security.web.FilterChainProxy$VirtualFilterChain.doFilter(FilterChainProxy.java:336) [spring-security-web-5.6.0.jar:5.6.0]
	at org.springframework.security.web.authentication.logout.LogoutFilter.doFilter(LogoutFilter.java:103) [spring-security-web-5.6.0.jar:5.6.0]
	at org.springframework.security.web.authentication.logout.LogoutFilter.doFilter(LogoutFilter.java:89) [spring-security-web-5.6.0.jar:5.6.0]
	at org.springframework.security.web.FilterChainProxy$VirtualFilterChain.doFilter(FilterChainProxy.java:336) [spring-security-web-5.6.0.jar:5.6.0]
	at org.springframework.web.filter.CorsFilter.doFilterInternal(CorsFilter.java:91) [spring-web-5.3.13.jar:5.3.13]
	at org.springframework.web.filter.OncePerRequestFilter.doFilter(OncePerRequestFilter.java:119) [spring-web-5.3.13.jar:5.3.13]
	at org.springframework.security.web.FilterChainProxy$VirtualFilterChain.doFilter(FilterChainProxy.java:336) [spring-security-web-5.6.0.jar:5.6.0]
	at org.springframework.security.web.header.HeaderWriterFilter.doHeadersAfter(HeaderWriterFilter.java:90) [spring-security-web-5.6.0.jar:5.6.0]
	at org.springframework.security.web.header.HeaderWriterFilter.doFilterInternal(HeaderWriterFilter.java:75) [spring-security-web-5.6.0.jar:5.6.0]
	at org.springframework.web.filter.OncePerRequestFilter.doFilter(OncePerRequestFilter.java:119) [spring-web-5.3.13.jar:5.3.13]
	at org.springframework.security.web.FilterChainProxy$VirtualFilterChain.doFilter(FilterChainProxy.java:336) [spring-security-web-5.6.0.jar:5.6.0]
	at org.springframework.security.web.context.SecurityContextPersistenceFilter.doFilter(SecurityContextPersistenceFilter.java:110) [spring-security-web-5.6.0.jar:5.6.0]
	at org.springframework.security.web.context.SecurityContextPersistenceFilter.doFilter(SecurityContextPersistenceFilter.java:80) [spring-security-web-5.6.0.jar:5.6.0]
	at org.springframework.security.web.FilterChainProxy$VirtualFilterChain.doFilter(FilterChainProxy.java:336) [spring-security-web-5.6.0.jar:5.6.0]
	at org.springframework.security.web.context.request.async.WebAsyncManagerIntegrationFilter.doFilterInternal(WebAsyncManagerIntegrationFilter.java:55) [spring-security-web-5.6.0.jar:5.6.0]
	at org.springframework.web.filter.OncePerRequestFilter.doFilter(OncePerRequestFilter.java:119) [spring-web-5.3.13.jar:5.3.13]
	at org.springframework.security.web.FilterChainProxy$VirtualFilterChain.doFilter(FilterChainProxy.java:336) [spring-security-web-5.6.0.jar:5.6.0]
	at org.springframework.security.web.FilterChainProxy.doFilterInternal(FilterChainProxy.java:211) [spring-security-web-5.6.0.jar:5.6.0]
	at org.springframework.security.web.FilterChainProxy.doFilter(FilterChainProxy.java:183) [spring-security-web-5.6.0.jar:5.6.0]
	at org.springframework.web.filter.DelegatingFilterProxy.invokeDelegate(DelegatingFilterProxy.java:358) [spring-web-5.3.13.jar:5.3.13]
	at org.springframework.web.filter.DelegatingFilterProxy.doFilter(DelegatingFilterProxy.java:271) [spring-web-5.3.13.jar:5.3.13]
	at org.apache.catalina.core.ApplicationFilterChain.internalDoFilter(ApplicationFilterChain.java:189) [tomcat-embed-core-9.0.55.jar:9.0.55]
	at org.apache.catalina.core.ApplicationFilterChain.doFilter(ApplicationFilterChain.java:162) [tomcat-embed-core-9.0.55.jar:9.0.55]
	at org.springframework.web.filter.RequestContextFilter.doFilterInternal(RequestContextFilter.java:100) [spring-web-5.3.13.jar:5.3.13]
	at org.springframework.web.filter.OncePerRequestFilter.doFilter(OncePerRequestFilter.java:119) [spring-web-5.3.13.jar:5.3.13]
	at org.apache.catalina.core.ApplicationFilterChain.internalDoFilter(ApplicationFilterChain.java:189) [tomcat-embed-core-9.0.55.jar:9.0.55]
	at org.apache.catalina.core.ApplicationFilterChain.doFilter(ApplicationFilterChain.java:162) [tomcat-embed-core-9.0.55.jar:9.0.55]
	at org.springframework.web.filter.FormContentFilter.doFilterInternal(FormContentFilter.java:93) [spring-web-5.3.13.jar:5.3.13]
	at org.springframework.web.filter.OncePerRequestFilter.doFilter(OncePerRequestFilter.java:119) [spring-web-5.3.13.jar:5.3.13]
	at org.apache.catalina.core.ApplicationFilterChain.internalDoFilter(ApplicationFilterChain.java:189) [tomcat-embed-core-9.0.55.jar:9.0.55]
	at org.apache.catalina.core.ApplicationFilterChain.doFilter(ApplicationFilterChain.java:162) [tomcat-embed-core-9.0.55.jar:9.0.55]
	at org.springframework.web.filter.CharacterEncodingFilter.doFilterInternal(CharacterEncodingFilter.java:201) [spring-web-5.3.13.jar:5.3.13]
	at org.springframework.web.filter.OncePerRequestFilter.doFilter(OncePerRequestFilter.java:119) [spring-web-5.3.13.jar:5.3.13]
	at org.apache.catalina.core.ApplicationFilterChain.internalDoFilter(ApplicationFilterChain.java:189) [tomcat-embed-core-9.0.55.jar:9.0.55]
	at org.apache.catalina.core.ApplicationFilterChain.doFilter(ApplicationFilterChain.java:162) [tomcat-embed-core-9.0.55.jar:9.0.55]
	at org.apache.catalina.core.StandardWrapperValve.invoke(StandardWrapperValve.java:197) [tomcat-embed-core-9.0.55.jar:9.0.55]
	at org.apache.catalina.core.StandardContextValve.invoke(StandardContextValve.java:97) [tomcat-embed-core-9.0.55.jar:9.0.55]
	at org.apache.catalina.authenticator.AuthenticatorBase.invoke(AuthenticatorBase.java:540) [tomcat-embed-core-9.0.55.jar:9.0.55]
	at org.apache.catalina.core.StandardHostValve.invoke(StandardHostValve.java:135) [tomcat-embed-core-9.0.55.jar:9.0.55]
	at org.apache.catalina.valves.ErrorReportValve.invoke(ErrorReportValve.java:92) [tomcat-embed-core-9.0.55.jar:9.0.55]
	at org.apache.catalina.core.StandardEngineValve.invoke(StandardEngineValve.java:78) [tomcat-embed-core-9.0.55.jar:9.0.55]
	at org.apache.catalina.connector.CoyoteAdapter.service(CoyoteAdapter.java:357) [tomcat-embed-core-9.0.55.jar:9.0.55]
	at org.apache.coyote.http11.Http11Processor.service(Http11Processor.java:382) [tomcat-embed-core-9.0.55.jar:9.0.55]
	at org.apache.coyote.AbstractProcessorLight.process(AbstractProcessorLight.java:65) [tomcat-embed-core-9.0.55.jar:9.0.55]
	at org.apache.coyote.AbstractProtocol$ConnectionHandler.process(AbstractProtocol.java:895) [tomcat-embed-core-9.0.55.jar:9.0.55]
	at org.apache.tomcat.util.net.NioEndpoint$SocketProcessor.doRun(NioEndpoint.java:1722) [tomcat-embed-core-9.0.55.jar:9.0.55]
	at org.apache.tomcat.util.net.SocketProcessorBase.run(SocketProcessorBase.java:49) [tomcat-embed-core-9.0.55.jar:9.0.55]
	at org.apache.tomcat.util.threads.ThreadPoolExecutor.runWorker(ThreadPoolExecutor.java:1191) [tomcat-embed-core-9.0.55.jar:9.0.55]
	at org.apache.tomcat.util.threads.ThreadPoolExecutor$Worker.run(ThreadPoolExecutor.java:659) [tomcat-embed-core-9.0.55.jar:9.0.55]
	at org.apache.tomcat.util.threads.TaskThread$WrappingRunnable.run(TaskThread.java:61) [tomcat-embed-core-9.0.55.jar:9.0.55]
	at java.lang.Thread.run(Thread.java:834) [?:?]
2022-03-27 22:23:23 [http-nio-8080-exec-3] DEBUG o.h.SQL                                            - 
    select
        account0_.id as id1_0_,
        account0_.ative_flg as ative_fl2_0_,
        account0_.created_date as created_3_0_,
        account0_.department_id as departm11_0_,
        account0_.email as email4_0_,
        account0_.first_name as first_na5_0_,
        account0_.last_name as last_nam6_0_,
        account0_.login_date as login_da7_0_,
        account0_.password as password8_0_,
        account0_.`role` as role9_0_,
        account0_.username as usernam10_0_,
        concat(account0_.first_name,
        ' ',
        account0_.last_name)  as formula1_ 
    from
        `Account` account0_ 
    where
        account0_.username=? 
2022-03-27 22:23:23 [http-nio-8080-exec-3] TRACE o.h.t.d.s.BasicBinder                              - binding parameter [1] as [VARCHAR] - [dangblack] 
2022-03-27 22:23:23 [http-nio-8080-exec-3] DEBUG o.h.SQL                                            - 
    select
        department0_.id as id1_1_0_,
        department0_.created_date as created_2_1_0_,
        department0_.`name` as name3_1_0_,
        department0_.total_member as total_me4_1_0_,
        department0_.`type` as type5_1_0_ 
    from
        Department department0_ 
    where
        department0_.id=? 
2022-03-27 22:23:23 [http-nio-8080-exec-3] TRACE o.h.t.d.s.BasicBinder                              - binding parameter [1] as [INTEGER] - [5] 
2022-03-27 22:23:24 [http-nio-8080-exec-3] DEBUG o.h.SQL                                            - 
    select
        account0_.id as id1_0_,
        account0_.ative_flg as ative_fl2_0_,
        account0_.created_date as created_3_0_,
        account0_.department_id as departm11_0_,
        account0_.email as email4_0_,
        account0_.first_name as first_na5_0_,
        account0_.last_name as last_nam6_0_,
        account0_.login_date as login_da7_0_,
        account0_.password as password8_0_,
        account0_.`role` as role9_0_,
        account0_.username as usernam10_0_,
        concat(account0_.first_name,
        ' ',
        account0_.last_name)  as formula1_ 
    from
        `Account` account0_ 
    where
        1=1 
    order by
        account0_.created_date desc limit ? 
2022-03-27 22:23:24 [http-nio-8080-exec-3] DEBUG o.h.SQL                                            - 
    select
        department0_.id as id1_1_0_,
        department0_.created_date as created_2_1_0_,
        department0_.`name` as name3_1_0_,
        department0_.total_member as total_me4_1_0_,
        department0_.`type` as type5_1_0_ 
    from
        Department department0_ 
    where
        department0_.id=? 
2022-03-27 22:23:24 [http-nio-8080-exec-3] TRACE o.h.t.d.s.BasicBinder                              - binding parameter [1] as [INTEGER] - [4] 
2022-03-27 22:23:24 [http-nio-8080-exec-3] DEBUG o.h.SQL                                            - 
    select
        department0_.id as id1_1_0_,
        department0_.created_date as created_2_1_0_,
        department0_.`name` as name3_1_0_,
        department0_.total_member as total_me4_1_0_,
        department0_.`type` as type5_1_0_ 
    from
        Department department0_ 
    where
        department0_.id=? 
2022-03-27 22:23:24 [http-nio-8080-exec-3] TRACE o.h.t.d.s.BasicBinder                              - binding parameter [1] as [INTEGER] - [1] 
2022-03-27 22:23:24 [http-nio-8080-exec-3] DEBUG o.h.SQL                                            - 
    select
        department0_.id as id1_1_0_,
        department0_.created_date as created_2_1_0_,
        department0_.`name` as name3_1_0_,
        department0_.total_member as total_me4_1_0_,
        department0_.`type` as type5_1_0_ 
    from
        Department department0_ 
    where
        department0_.id=? 
2022-03-27 22:23:24 [http-nio-8080-exec-3] TRACE o.h.t.d.s.BasicBinder                              - binding parameter [1] as [INTEGER] - [2] 
2022-03-27 22:23:25 [http-nio-8080-exec-3] DEBUG o.h.SQL                                            - 
    select
        department0_.id as id1_1_0_,
        department0_.created_date as created_2_1_0_,
        department0_.`name` as name3_1_0_,
        department0_.total_member as total_me4_1_0_,
        department0_.`type` as type5_1_0_ 
    from
        Department department0_ 
    where
        department0_.id=? 
2022-03-27 22:23:25 [http-nio-8080-exec-3] TRACE o.h.t.d.s.BasicBinder                              - binding parameter [1] as [INTEGER] - [10] 
2022-03-27 22:23:25 [http-nio-8080-exec-3] DEBUG o.h.SQL                                            - 
    select
        department0_.id as id1_1_0_,
        department0_.created_date as created_2_1_0_,
        department0_.`name` as name3_1_0_,
        department0_.total_member as total_me4_1_0_,
        department0_.`type` as type5_1_0_ 
    from
        Department department0_ 
    where
        department0_.id=? 
2022-03-27 22:23:25 [http-nio-8080-exec-3] TRACE o.h.t.d.s.BasicBinder                              - binding parameter [1] as [INTEGER] - [5] 
2022-03-27 22:23:25 [http-nio-8080-exec-3] DEBUG o.h.SQL                                            - 
    select
        department0_.id as id1_1_0_,
        department0_.created_date as created_2_1_0_,
        department0_.`name` as name3_1_0_,
        department0_.total_member as total_me4_1_0_,
        department0_.`type` as type5_1_0_ 
    from
        Department department0_ 
    where
        department0_.id=? 
2022-03-27 22:23:25 [http-nio-8080-exec-3] TRACE o.h.t.d.s.BasicBinder                              - binding parameter [1] as [INTEGER] - [7] 
2022-03-27 22:23:25 [http-nio-8080-exec-3] DEBUG o.h.SQL                                            - 
    select
        department0_.id as id1_1_0_,
        department0_.created_date as created_2_1_0_,
        department0_.`name` as name3_1_0_,
        department0_.total_member as total_me4_1_0_,
        department0_.`type` as type5_1_0_ 
    from
        Department department0_ 
    where
        department0_.id=? 
2022-03-27 22:23:25 [http-nio-8080-exec-3] TRACE o.h.t.d.s.BasicBinder                              - binding parameter [1] as [INTEGER] - [9] 
2022-03-27 22:23:25 [http-nio-8080-exec-3] DEBUG o.h.SQL                                            - 
    select
        count(account0_.id) as col_0_0_ 
    from
        `Account` account0_ 
    where
        1=1 
